<?xml version="1.0" encoding="UTF-8"?>
<!-- Generated by org.testng.reporters.JUnitReportReporter -->
<testsuite hostname="luxygod" failures="0" tests="5" name="AirportTest" time="0.020" errors="0" timestamp="2022-12-03T09:11:58 MSK" skipped="0">
  <testcase classname="AirportTest" name="testGetPassengerPlaneWithMaxCapacity" time="0.000"/>
  <testcase classname="AirportTest" name="testHasAtLeastOneBomberInMilitaryPlanes" time="0.000"/>
  <testcase classname="AirportTest" name="testExperimentalPlanesHasClassificationLevelHigherThanUnclassified" time="0.000"/>
  <testcase classname="AirportTest" name="testEqualsLoadCapacityNextAndCurrent" time="0.020"/>
  <testcase classname="AirportTest" name="testGetTransportMilitaryPlanes" time="0.000"/>
</testsuite> <!-- AirportTest -->
